0 info it worked if it ends with ok
1 verbose cli [ 'C:\\Program Files\\nodejs\\\\node.exe',
1 verbose cli   'C:\\Program Files\\nodejs\\node_modules\\npm\\bin\\npm-cli.js',
1 verbose cli   'install',
1 verbose cli   'peerjs' ]
2 info using npm@1.4.28
3 info using node@v0.10.33
4 verbose node symlink C:\Program Files\nodejs\\node.exe
5 verbose cache add [ 'peerjs', null ]
6 verbose cache add name=undefined spec="peerjs" args=["peerjs",null]
7 verbose parsed url { protocol: null,
7 verbose parsed url   slashes: null,
7 verbose parsed url   auth: null,
7 verbose parsed url   host: null,
7 verbose parsed url   port: null,
7 verbose parsed url   hostname: null,
7 verbose parsed url   hash: null,
7 verbose parsed url   search: null,
7 verbose parsed url   query: null,
7 verbose parsed url   pathname: 'peerjs',
7 verbose parsed url   path: 'peerjs',
7 verbose parsed url   href: 'peerjs' }
8 silly lockFile b722bb1f-peerjs peerjs
9 verbose lock peerjs C:\Users\Felipe\AppData\Roaming\npm-cache\b722bb1f-peerjs.lock
10 silly lockFile b722bb1f-peerjs peerjs
11 silly lockFile b722bb1f-peerjs peerjs
12 verbose addNamed [ 'peerjs', '' ]
13 verbose addNamed [ null, '*' ]
14 silly lockFile fc99142f-peerjs peerjs@
15 verbose lock peerjs@ C:\Users\Felipe\AppData\Roaming\npm-cache\fc99142f-peerjs.lock
16 silly addNameRange { name: 'peerjs', range: '*', hasData: false }
17 verbose request where is /peerjs
18 verbose request registry https://registry.npmjs.org/
19 verbose request id 00cecb86e1c0e8c9
20 verbose url raw /peerjs
21 verbose url resolving [ 'https://registry.npmjs.org/', './peerjs' ]
22 verbose url resolved https://registry.npmjs.org/peerjs
23 verbose request where is https://registry.npmjs.org/peerjs
24 info trying registry request attempt 1 at 19:13:58
25 http GET https://registry.npmjs.org/peerjs
26 info retry will retry, error on last attempt: Error: getaddrinfo ENOTFOUND
27 info trying registry request attempt 2 at 19:14:08
28 http GET https://registry.npmjs.org/peerjs
29 info retry will retry, error on last attempt: Error: getaddrinfo ENOTFOUND
30 info trying registry request attempt 3 at 19:15:08
31 http GET https://registry.npmjs.org/peerjs
32 silly lockFile fc99142f-peerjs peerjs@
33 silly lockFile fc99142f-peerjs peerjs@
34 error network getaddrinfo ENOTFOUND
34 error network This is most likely not a problem with npm itself
34 error network and is related to network connectivity.
34 error network In most cases you are behind a proxy or have bad network settings.
34 error network
34 error network If you are behind a proxy, please make sure that the
34 error network 'proxy' config is set properly.  See: 'npm help config'
35 error System Windows_NT 6.2.9200
36 error command "C:\\Program Files\\nodejs\\\\node.exe" "C:\\Program Files\\nodejs\\node_modules\\npm\\bin\\npm-cli.js" "install" "peerjs"
37 error cwd C:\Users\Felipe\Dropbox\ChatCompartilhadoPeerJS
38 error node -v v0.10.33
39 error npm -v 1.4.28
40 error syscall getaddrinfo
41 error code ENOTFOUND
42 error errno ENOTFOUND
43 verbose exit [ 1, true ]
